<?xml version="1.0" encoding="UTF-8"?>
<!-- Generated by org.testng.reporters.JUnitReportReporter -->
<testsuite hostname="LAPTOP-ST9EO4K2" failures="0" tests="1" name="com.Magento.qa.TestCases.Sort_Test" time="7.848" errors="0" timestamp="2021-09-16T16:11:24 IST" skipped="0">
  <testcase classname="com.Magento.qa.TestCases.Sort_Test" name="print_sorted_names" time="7.848"/>
</testsuite> <!-- com.Magento.qa.TestCases.Sort_Test -->
