<?xml version="1.0" encoding="UTF-8"?>
<!-- Generated by org.testng.reporters.JUnitReportReporter -->
<testsuite hostname="LAPTOP-ST9EO4K2" failures="0" tests="1" name="com.Magento.qa.TestCases.Mobile_Page_Test" time="5.258" errors="0" timestamp="2021-09-17T20:46:11 IST" skipped="0">
  <testcase classname="com.Magento.qa.TestCases.Mobile_Page_Test" name="test1" time="5.258"/>
</testsuite> <!-- com.Magento.qa.TestCases.Mobile_Page_Test -->
